<?xml version="1.0" encoding="UTF-8"?>
<testng-results ignored="0" total="3" passed="3" failed="0" skipped="0">
  <reporter-output>
  </reporter-output>
  <suite started-at="2025-04-09T08:18:46 IST" name="Suite" finished-at="2025-04-09T08:19:02 IST" duration-ms="16148">
    <groups>
    </groups>
    <test started-at="2025-04-09T08:18:46 IST" name="chromeTest" finished-at="2025-04-09T08:18:49 IST" duration-ms="2838">
      <class name="org.cross.MultiBrowser">
        <test-method signature="tc1(java.lang.String)[pri:0, instance:org.cross.MultiBrowser@6c1a5b54]" started-at="2025-04-09T08:18:46 IST" name="tc1" finished-at="2025-04-09T08:18:49 IST" duration-ms="2802" status="PASS">
          <params>
            <param index="0">
              <value>
                <![CDATA[ChromeBrowser]]>
              </value>
            </param>
          </params>
          <reporter-output>
          </reporter-output>
        </test-method> <!-- tc1 -->
      </class> <!-- org.cross.MultiBrowser -->
    </test> <!-- chromeTest -->
    <test started-at="2025-04-09T08:18:49 IST" name="EdgeTest" finished-at="2025-04-09T08:18:55 IST" duration-ms="6005">
      <class name="org.cross.MultiBrowser">
        <test-method signature="tc1(java.lang.String)[pri:0, instance:org.cross.MultiBrowser@645aa696]" started-at="2025-04-09T08:18:49 IST" name="tc1" finished-at="2025-04-09T08:18:55 IST" duration-ms="6001" status="PASS">
          <params>
            <param index="0">
              <value>
                <![CDATA[EdgeBrowser]]>
              </value>
            </param>
          </params>
          <reporter-output>
          </reporter-output>
        </test-method> <!-- tc1 -->
      </class> <!-- org.cross.MultiBrowser -->
    </test> <!-- EdgeTest -->
    <test started-at="2025-04-09T08:18:55 IST" name="FirefoxTest" finished-at="2025-04-09T08:19:02 IST" duration-ms="7281">
      <class name="org.cross.MultiBrowser">
        <test-method signature="tc1(java.lang.String)[pri:0, instance:org.cross.MultiBrowser@413d1baf]" started-at="2025-04-09T08:18:55 IST" name="tc1" finished-at="2025-04-09T08:19:02 IST" duration-ms="7273" status="PASS">
          <params>
            <param index="0">
              <value>
                <![CDATA[FirefoxBrowser]]>
              </value>
            </param>
          </params>
          <reporter-output>
          </reporter-output>
        </test-method> <!-- tc1 -->
      </class> <!-- org.cross.MultiBrowser -->
    </test> <!-- FirefoxTest -->
  </suite> <!-- Suite -->
</testng-results>
